{"type":"server-started","port":61270,"host":"127.0.0.1","url_host":"localhost","url":"http://localhost:61270","screen_dir":"/Users/carpediem/Desktop/Antigravity/staff/.superpowers/brainstorm/86158-1776519886/content","state_dir":"/Users/carpediem/Desktop/Antigravity/staff/.superpowers/brainstorm/86158-1776519886/state"}
{"type":"screen-added","file":"/Users/carpediem/Desktop/Antigravity/staff/.superpowers/brainstorm/86158-1776519886/content/guestbook-layout.html"}
{"type":"screen-updated","file":"/Users/carpediem/Desktop/Antigravity/staff/.superpowers/brainstorm/86158-1776519886/content/guestbook-layout.html"}
{"type":"screen-updated","file":"/Users/carpediem/Desktop/Antigravity/staff/.superpowers/brainstorm/86158-1776519886/content/guestbook-layout.html"}
{"type":"screen-updated","file":"/Users/carpediem/Desktop/Antigravity/staff/.superpowers/brainstorm/86158-1776519886/content/guestbook-layout.html"}
{"type":"screen-added","file":"/Users/carpediem/Desktop/Antigravity/staff/.superpowers/brainstorm/86158-1776519886/content/waiting.html"}
{"type":"screen-updated","file":"/Users/carpediem/Desktop/Antigravity/staff/.superpowers/brainstorm/86158-1776519886/content/waiting.html"}
{"type":"screen-updated","file":"/Users/carpediem/Desktop/Antigravity/staff/.superpowers/brainstorm/86158-1776519886/content/waiting.html"}
{"type":"screen-updated","file":"/Users/carpediem/Desktop/Antigravity/staff/.superpowers/brainstorm/86158-1776519886/content/waiting.html"}
{"type":"screen-added","file":"/Users/carpediem/Desktop/Antigravity/staff/.superpowers/brainstorm/86158-1776519886/content/seating-map.html"}
{"type":"screen-updated","file":"/Users/carpediem/Desktop/Antigravity/staff/.superpowers/brainstorm/86158-1776519886/content/seating-map.html"}
{"type":"screen-updated","file":"/Users/carpediem/Desktop/Antigravity/staff/.superpowers/brainstorm/86158-1776519886/content/seating-map.html"}
{"type":"screen-updated","file":"/Users/carpediem/Desktop/Antigravity/staff/.superpowers/brainstorm/86158-1776519886/content/seating-map.html"}
{"type":"screen-added","file":"/Users/carpediem/Desktop/Antigravity/staff/.superpowers/brainstorm/86158-1776519886/content/seating-map-v2.html"}
{"type":"screen-updated","file":"/Users/carpediem/Desktop/Antigravity/staff/.superpowers/brainstorm/86158-1776519886/content/seating-map-v2.html"}
{"type":"screen-updated","file":"/Users/carpediem/Desktop/Antigravity/staff/.superpowers/brainstorm/86158-1776519886/content/seating-map-v2.html"}
{"type":"screen-updated","file":"/Users/carpediem/Desktop/Antigravity/staff/.superpowers/brainstorm/86158-1776519886/content/seating-map-v2.html"}
{"type":"screen-added","file":"/Users/carpediem/Desktop/Antigravity/staff/.superpowers/brainstorm/86158-1776519886/content/seating-map-v3.html"}
{"type":"screen-updated","file":"/Users/carpediem/Desktop/Antigravity/staff/.superpowers/brainstorm/86158-1776519886/content/seating-map-v3.html"}
{"type":"screen-updated","file":"/Users/carpediem/Desktop/Antigravity/staff/.superpowers/brainstorm/86158-1776519886/content/seating-map-v3.html"}
{"type":"screen-updated","file":"/Users/carpediem/Desktop/Antigravity/staff/.superpowers/brainstorm/86158-1776519886/content/seating-map-v3.html"}
{"type":"server-stopped","reason":"idle timeout"}
